# JRE version: Java(TM) SE Runtime Environment (17.0.11+7) (build 17.0.11+7-LTS-207)
# Java VM: Java HotSpot(TM) 64-Bit Server VM (17.0.11+7-LTS-207, mixed mode, sharing, tiered, compressed oops, compressed class ptrs, g1 gc, windows-amd64)
GC Precious Log:
 CPUs: 8 total, 8 available
 Memory: 32535M
 Large Page Support: Disabled
 NUMA Support: Disabled
 Compressed Oops: Enabled (Zero based)
 Heap Region Size: 4M
 Heap Min Capacity: 8M
 Heap Initial Capacity: 512M
 Heap Max Capacity: 8136M
 Pre-touch: Disabled
 Parallel Workers: 8
 Concurrent Workers: 2
 Concurrent Refinement Workers: 8
 Periodic GC: Disabled
Heap:
 garbage-first heap   total 200704K, used 133374K [0x0000000603800000, 0x0000000800000000)
  region size 4096K, 9 young (36864K), 1 survivors (4096K)
 Metaspace       used 29496K, committed 29824K, reserved 1114112K
  class space    used 3794K, committed 3968K, reserved 1048576K
GC Heap History (20 events):
Event: 54.055 GC heap before
{Heap before GC invocations=7 (full 0):
 garbage-first heap   total 122880K, used 75414K [0x0000000603800000, 0x0000000800000000)
  region size 4096K, 8 young (32768K), 2 survivors (8192K)
 Metaspace       used 28749K, committed 29056K, reserved 1114112K
  class space    used 3770K, committed 3904K, reserved 1048576K
}
Event: 54.059 GC heap after
{Heap after GC invocations=8 (full 0):
 garbage-first heap   total 122880K, used 67198K [0x0000000603800000, 0x0000000800000000)
  region size 4096K, 1 young (4096K), 1 survivors (4096K)
 Metaspace       used 28749K, committed 29056K, reserved 1114112K
  class space    used 3770K, committed 3904K, reserved 1048576K
}
Event: 54.187 GC heap before
{Heap before GC invocations=9 (full 0):
 garbage-first heap   total 131072K, used 87678K [0x0000000603800000, 0x0000000800000000)
  region size 4096K, 6 young (24576K), 1 survivors (4096K)
 Metaspace       used 28822K, committed 29056K, reserved 1114112K
  class space    used 3770K, committed 3904K, reserved 1048576K
}
Event: 54.191 GC heap after
{Heap after GC invocations=10 (full 0):
 garbage-first heap   total 131072K, used 80556K [0x0000000603800000, 0x0000000800000000)
  region size 4096K, 1 young (4096K), 1 survivors (4096K)
 Metaspace       used 28822K, committed 29056K, reserved 1114112K
  class space    used 3770K, committed 3904K, reserved 1048576K
}
Event: 63.498 GC heap before
{Heap before GC invocations=10 (full 0):
 garbage-first heap   total 131072K, used 88748K [0x0000000603800000, 0x0000000800000000)
  region size 4096K, 4 young (16384K), 1 survivors (4096K)
 Metaspace       used 29070K, committed 29376K, reserved 1114112K
  class space    used 3790K, committed 3968K, reserved 1048576K
}
Event: 63.502 GC heap after
{Heap after GC invocations=11 (full 0):
 garbage-first heap   total 131072K, used 82937K [0x0000000603800000, 0x0000000800000000)
  region size 4096K, 1 young (4096K), 1 survivors (4096K)
 Metaspace       used 29070K, committed 29376K, reserved 1114112K
  class space    used 3790K, committed 3968K, reserved 1048576K
}
Event: 63.606 GC heap before
{Heap before GC invocations=12 (full 0):
 garbage-first heap   total 151552K, used 95225K [0x0000000603800000, 0x0000000800000000)
  region size 4096K, 4 young (16384K), 1 survivors (4096K)
 Metaspace       used 29149K, committed 29440K, reserved 1114112K
  class space    used 3791K, committed 3968K, reserved 1048576K
}
Event: 63.610 GC heap after
{Heap after GC invocations=13 (full 0):
 garbage-first heap   total 151552K, used 97696K [0x0000000603800000, 0x0000000800000000)
  region size 4096K, 1 young (4096K), 1 survivors (4096K)
 Metaspace       used 29149K, committed 29440K, reserved 1114112K
  class space    used 3791K, committed 3968K, reserved 1048576K
}
Event: 63.660 GC heap before
{Heap before GC invocations=13 (full 0):
 garbage-first heap   total 151552K, used 109984K [0x0000000603800000, 0x0000000800000000)
  region size 4096K, 4 young (16384K), 1 survivors (4096K)
 Metaspace       used 29164K, committed 29440K, reserved 1114112K
  class space    used 3791K, committed 3968K, reserved 1048576K
}
Event: 63.664 GC heap after
{Heap after GC invocations=14 (full 0):
 garbage-first heap   total 151552K, used 99642K [0x0000000603800000, 0x0000000800000000)
  region size 4096K, 1 young (4096K), 1 survivors (4096K)
 Metaspace       used 29164K, committed 29440K, reserved 1114112K
  class space    used 3791K, committed 3968K, reserved 1048576K
}
Event: 64.328 GC heap before
{Heap before GC invocations=15 (full 0):
 garbage-first heap   total 180224K, used 111930K [0x0000000603800000, 0x0000000800000000)
  region size 4096K, 4 young (16384K), 1 survivors (4096K)
 Metaspace       used 29224K, committed 29504K, reserved 1114112K
  class space    used 3791K, committed 3968K, reserved 1048576K
}
Event: 64.333 GC heap after
{Heap after GC invocations=16 (full 0):
 garbage-first heap   total 180224K, used 102499K [0x0000000603800000, 0x0000000800000000)
  region size 4096K, 1 young (4096K), 1 survivors (4096K)
 Metaspace       used 29224K, committed 29504K, reserved 1114112K
  class space    used 3791K, committed 3968K, reserved 1048576K
}
Event: 66.941 GC heap before
{Heap before GC invocations=16 (full 0):
 garbage-first heap   total 180224K, used 110691K [0x0000000603800000, 0x0000000800000000)
  region size 4096K, 5 young (20480K), 1 survivors (4096K)
 Metaspace       used 29283K, committed 29632K, reserved 1114112K
  class space    used 3791K, committed 3968K, reserved 1048576K
}
Event: 66.944 GC heap after
{Heap after GC invocations=17 (full 0):
 garbage-first heap   total 180224K, used 111616K [0x0000000603800000, 0x0000000800000000)
  region size 4096K, 1 young (4096K), 1 survivors (4096K)
 Metaspace       used 29283K, committed 29632K, reserved 1114112K
  class space    used 3791K, committed 3968K, reserved 1048576K
}
Event: 69.256 GC heap before
{Heap before GC invocations=18 (full 0):
 garbage-first heap   total 200704K, used 128000K [0x0000000603800000, 0x0000000800000000)
  region size 4096K, 5 young (20480K), 1 survivors (4096K)
 Metaspace       used 29326K, committed 29632K, reserved 1114112K
  class space    used 3791K, committed 3968K, reserved 1048576K
}
Event: 69.260 GC heap after
{Heap after GC invocations=19 (full 0):
 garbage-first heap   total 200704K, used 118439K [0x0000000603800000, 0x0000000800000000)
  region size 4096K, 1 young (4096K), 1 survivors (4096K)
 Metaspace       used 29326K, committed 29632K, reserved 1114112K
  class space    used 3791K, committed 3968K, reserved 1048576K
}
Event: 70.908 GC heap before
{Heap before GC invocations=19 (full 0):
 garbage-first heap   total 200704K, used 122535K [0x0000000603800000, 0x0000000800000000)
  region size 4096K, 2 young (8192K), 1 survivors (4096K)
 Metaspace       used 29357K, committed 29696K, reserved 1114112K
  class space    used 3791K, committed 3968K, reserved 1048576K
}
Event: 70.911 GC heap after
{Heap after GC invocations=20 (full 0):
 garbage-first heap   total 200704K, used 103961K [0x0000000603800000, 0x0000000800000000)
  region size 4096K, 1 young (4096K), 1 survivors (4096K)
 Metaspace       used 29357K, committed 29696K, reserved 1114112K
  class space    used 3791K, committed 3968K, reserved 1048576K
}
Event: 75.882 GC heap before
{Heap before GC invocations=20 (full 0):
 garbage-first heap   total 200704K, used 108057K [0x0000000603800000, 0x0000000800000000)
  region size 4096K, 4 young (16384K), 1 survivors (4096K)
 Metaspace       used 29429K, committed 29760K, reserved 1114112K
  class space    used 3792K, committed 3968K, reserved 1048576K
}
Event: 75.885 GC heap after
{Heap after GC invocations=21 (full 0):
 garbage-first heap   total 200704K, used 108798K [0x0000000603800000, 0x0000000800000000)
  region size 4096K, 1 young (4096K), 1 survivors (4096K)
 Metaspace       used 29429K, committed 29760K, reserved 1114112K
  class space    used 3792K, committed 3968K, reserved 1048576K
}

