# JRE version: Java(TM) SE Runtime Environment (17.0.11+7) (build 17.0.11+7-LTS-207)
# Java VM: Java HotSpot(TM) 64-Bit Server VM (17.0.11+7-LTS-207, mixed mode, sharing, tiered, compressed oops, compressed class ptrs, g1 gc, windows-amd64)
GC Precious Log:
 CPUs: 8 total, 8 available
 Memory: 32535M
 Large Page Support: Disabled
 NUMA Support: Disabled
 Compressed Oops: Enabled (Zero based)
 Heap Region Size: 4M
 Heap Min Capacity: 8M
 Heap Initial Capacity: 512M
 Heap Max Capacity: 8136M
 Pre-touch: Disabled
 Parallel Workers: 8
 Concurrent Workers: 2
 Concurrent Refinement Workers: 8
 Periodic GC: Disabled
Heap:
 garbage-first heap   total 122880K, used 68728K [0x0000000603800000, 0x0000000800000000)
  region size 4096K, 6 young (24576K), 2 survivors (8192K)
 Metaspace       used 38511K, committed 38784K, reserved 1114112K
  class space    used 4918K, committed 5056K, reserved 1048576K
GC Heap History (20 events):
Event: 9.723 GC heap before
{Heap before GC invocations=4 (full 0):
 garbage-first heap   total 122880K, used 78760K [0x0000000603800000, 0x0000000800000000)
  region size 4096K, 16 young (65536K), 2 survivors (8192K)
 Metaspace       used 27205K, committed 27520K, reserved 1114112K
  class space    used 3613K, committed 3776K, reserved 1048576K
}
Event: 9.729 GC heap after
{Heap after GC invocations=5 (full 0):
 garbage-first heap   total 122880K, used 39335K [0x0000000603800000, 0x0000000800000000)
  region size 4096K, 3 young (12288K), 3 survivors (12288K)
 Metaspace       used 27205K, committed 27520K, reserved 1114112K
  class space    used 3613K, committed 3776K, reserved 1048576K
}
Event: 9.742 GC heap before
{Heap before GC invocations=5 (full 0):
 garbage-first heap   total 122880K, used 39335K [0x0000000603800000, 0x0000000800000000)
  region size 4096K, 4 young (16384K), 3 survivors (12288K)
 Metaspace       used 27211K, committed 27520K, reserved 1114112K
  class space    used 3613K, committed 3776K, reserved 1048576K
}
Event: 9.748 GC heap after
{Heap after GC invocations=6 (full 0):
 garbage-first heap   total 122880K, used 42539K [0x0000000603800000, 0x0000000800000000)
  region size 4096K, 1 young (4096K), 1 survivors (4096K)
 Metaspace       used 27211K, committed 27520K, reserved 1114112K
  class space    used 3613K, committed 3776K, reserved 1048576K
}
Event: 13.021 GC heap before
{Heap before GC invocations=6 (full 0):
 garbage-first heap   total 122880K, used 79403K [0x0000000603800000, 0x0000000800000000)
  region size 4096K, 9 young (36864K), 1 survivors (4096K)
 Metaspace       used 27610K, committed 27904K, reserved 1114112K
  class space    used 3620K, committed 3776K, reserved 1048576K
}
Event: 13.024 GC heap after
{Heap after GC invocations=7 (full 0):
 garbage-first heap   total 122880K, used 61858K [0x0000000603800000, 0x0000000800000000)
  region size 4096K, 2 young (8192K), 2 survivors (8192K)
 Metaspace       used 27610K, committed 27904K, reserved 1114112K
  class space    used 3620K, committed 3776K, reserved 1048576K
}
Event: 52.193 GC heap before
{Heap before GC invocations=7 (full 0):
 garbage-first heap   total 122880K, used 82338K [0x0000000603800000, 0x0000000800000000)
  region size 4096K, 7 young (28672K), 2 survivors (8192K)
 Metaspace       used 27696K, committed 27968K, reserved 1114112K
  class space    used 3620K, committed 3776K, reserved 1048576K
}
Event: 52.195 GC heap after
{Heap after GC invocations=8 (full 0):
 garbage-first heap   total 122880K, used 60238K [0x0000000603800000, 0x0000000800000000)
  region size 4096K, 1 young (4096K), 1 survivors (4096K)
 Metaspace       used 27696K, committed 27968K, reserved 1114112K
  class space    used 3620K, committed 3776K, reserved 1048576K
}
Event: 56.918 GC heap before
{Heap before GC invocations=9 (full 0):
 garbage-first heap   total 122880K, used 80718K [0x0000000603800000, 0x0000000800000000)
  region size 4096K, 7 young (28672K), 1 survivors (4096K)
 Metaspace       used 27797K, committed 28096K, reserved 1114112K
  class space    used 3625K, committed 3776K, reserved 1048576K
}
Event: 56.920 GC heap after
{Heap after GC invocations=10 (full 0):
 garbage-first heap   total 122880K, used 56327K [0x0000000603800000, 0x0000000800000000)
  region size 4096K, 1 young (4096K), 1 survivors (4096K)
 Metaspace       used 27797K, committed 28096K, reserved 1114112K
  class space    used 3625K, committed 3776K, reserved 1048576K
}
Event: 56.982 GC heap before
{Heap before GC invocations=10 (full 0):
 garbage-first heap   total 122880K, used 60423K [0x0000000603800000, 0x0000000800000000)
  region size 4096K, 2 young (8192K), 1 survivors (4096K)
 Metaspace       used 28136K, committed 28416K, reserved 1114112K
  class space    used 3701K, committed 3840K, reserved 1048576K
}
Event: 56.985 GC heap after
{Heap after GC invocations=11 (full 0):
 garbage-first heap   total 122880K, used 48592K [0x0000000603800000, 0x0000000800000000)
  region size 4096K, 1 young (4096K), 1 survivors (4096K)
 Metaspace       used 28136K, committed 28416K, reserved 1114112K
  class space    used 3701K, committed 3840K, reserved 1048576K
}
Event: 59.109 GC heap before
{Heap before GC invocations=11 (full 0):
 garbage-first heap   total 122880K, used 48592K [0x0000000603800000, 0x0000000800000000)
  region size 4096K, 2 young (8192K), 1 survivors (4096K)
 Metaspace       used 29888K, committed 30080K, reserved 1114112K
  class space    used 3867K, committed 3968K, reserved 1048576K
}
Event: 59.110 GC heap after
{Heap after GC invocations=12 (full 0):
 garbage-first heap   total 122880K, used 48734K [0x0000000603800000, 0x0000000800000000)
  region size 4096K, 1 young (4096K), 1 survivors (4096K)
 Metaspace       used 29888K, committed 30080K, reserved 1114112K
  class space    used 3867K, committed 3968K, reserved 1048576K
}
Event: 78.841 GC heap before
{Heap before GC invocations=12 (full 0):
 garbage-first heap   total 122880K, used 85598K [0x0000000603800000, 0x0000000800000000)
  region size 4096K, 10 young (40960K), 1 survivors (4096K)
 Metaspace       used 36296K, committed 36544K, reserved 1114112K
  class space    used 4610K, committed 4736K, reserved 1048576K
}
Event: 78.844 GC heap after
{Heap after GC invocations=13 (full 0):
 garbage-first heap   total 122880K, used 50387K [0x0000000603800000, 0x0000000800000000)
  region size 4096K, 1 young (4096K), 1 survivors (4096K)
 Metaspace       used 36296K, committed 36544K, reserved 1114112K
  class space    used 4610K, committed 4736K, reserved 1048576K
}
Event: 130.662 GC heap before
{Heap before GC invocations=13 (full 0):
 garbage-first heap   total 122880K, used 87251K [0x0000000603800000, 0x0000000800000000)
  region size 4096K, 10 young (40960K), 1 survivors (4096K)
 Metaspace       used 36415K, committed 36672K, reserved 1114112K
  class space    used 4610K, committed 4736K, reserved 1048576K
}
Event: 130.666 GC heap after
{Heap after GC invocations=14 (full 0):
 garbage-first heap   total 122880K, used 50995K [0x0000000603800000, 0x0000000800000000)
  region size 4096K, 1 young (4096K), 1 survivors (4096K)
 Metaspace       used 36415K, committed 36672K, reserved 1114112K
  class space    used 4610K, committed 4736K, reserved 1048576K
}
Event: 144.592 GC heap before
{Heap before GC invocations=14 (full 0):
 garbage-first heap   total 122880K, used 91955K [0x0000000603800000, 0x0000000800000000)
  region size 4096K, 11 young (45056K), 1 survivors (4096K)
 Metaspace       used 38117K, committed 38400K, reserved 1114112K
  class space    used 4884K, committed 4992K, reserved 1048576K
}
Event: 144.602 GC heap after
{Heap after GC invocations=15 (full 0):
 garbage-first heap   total 122880K, used 56440K [0x0000000603800000, 0x0000000800000000)
  region size 4096K, 2 young (8192K), 2 survivors (8192K)
 Metaspace       used 38117K, committed 38400K, reserved 1114112K
  class space    used 4884K, committed 4992K, reserved 1048576K
}

