# JRE version: Java(TM) SE Runtime Environment (17.0.11+7) (build 17.0.11+7-LTS-207)
# Java VM: Java HotSpot(TM) 64-Bit Server VM (17.0.11+7-LTS-207, mixed mode, sharing, tiered, compressed oops, compressed class ptrs, g1 gc, windows-amd64)
GC Precious Log:
 CPUs: 8 total, 8 available
 Memory: 32535M
 Large Page Support: Disabled
 NUMA Support: Disabled
 Compressed Oops: Enabled (Zero based)
 Heap Region Size: 4M
 Heap Min Capacity: 8M
 Heap Initial Capacity: 512M
 Heap Max Capacity: 8136M
 Pre-touch: Disabled
 Parallel Workers: 8
 Concurrent Workers: 2
 Concurrent Refinement Workers: 8
 Periodic GC: Disabled
Heap:
 garbage-first heap   total 110592K, used 36255K [0x0000000603800000, 0x0000000800000000)
  region size 4096K, 2 young (8192K), 1 survivors (4096K)
 Metaspace       used 27384K, committed 27648K, reserved 1114112K
  class space    used 3644K, committed 3776K, reserved 1048576K
GC Heap History (10 events):
Event: 0.793 GC heap before
{Heap before GC invocations=0 (full 0):
 garbage-first heap   total 524288K, used 20480K [0x0000000603800000, 0x0000000800000000)
  region size 4096K, 6 young (24576K), 0 survivors (0K)
 Metaspace       used 5117K, committed 5312K, reserved 1114112K
  class space    used 511K, committed 640K, reserved 1048576K
}
Event: 0.798 GC heap after
{Heap after GC invocations=1 (full 0):
 garbage-first heap   total 524288K, used 5875K [0x0000000603800000, 0x0000000800000000)
  region size 4096K, 1 young (4096K), 1 survivors (4096K)
 Metaspace       used 5117K, committed 5312K, reserved 1114112K
  class space    used 511K, committed 640K, reserved 1048576K
}
Event: 1.893 GC heap before
{Heap before GC invocations=1 (full 0):
 garbage-first heap   total 524288K, used 34547K [0x0000000603800000, 0x0000000800000000)
  region size 4096K, 9 young (36864K), 1 survivors (4096K)
 Metaspace       used 15172K, committed 15360K, reserved 1114112K
  class space    used 1615K, committed 1728K, reserved 1048576K
}
Event: 1.897 GC heap after
{Heap after GC invocations=2 (full 0):
 garbage-first heap   total 524288K, used 10264K [0x0000000603800000, 0x0000000800000000)
  region size 4096K, 2 young (8192K), 2 survivors (8192K)
 Metaspace       used 15172K, committed 15360K, reserved 1114112K
  class space    used 1615K, committed 1728K, reserved 1048576K
}
Event: 2.820 GC heap before
{Heap before GC invocations=2 (full 0):
 garbage-first heap   total 524288K, used 47128K [0x0000000603800000, 0x0000000800000000)
  region size 4096K, 12 young (49152K), 2 survivors (8192K)
 Metaspace       used 21302K, committed 21504K, reserved 1114112K
  class space    used 2687K, committed 2752K, reserved 1048576K
}
Event: 2.827 GC heap after
{Heap after GC invocations=3 (full 0):
 garbage-first heap   total 524288K, used 27155K [0x0000000603800000, 0x0000000800000000)
  region size 4096K, 2 young (8192K), 2 survivors (8192K)
 Metaspace       used 21302K, committed 21504K, reserved 1114112K
  class space    used 2687K, committed 2752K, reserved 1048576K
}
Event: 9.487 GC heap before
{Heap before GC invocations=4 (full 0):
 garbage-first heap   total 110592K, used 68115K [0x0000000603800000, 0x0000000800000000)
  region size 4096K, 14 young (57344K), 2 survivors (8192K)
 Metaspace       used 26914K, committed 27200K, reserved 1114112K
  class space    used 3572K, committed 3712K, reserved 1048576K
}
Event: 9.492 GC heap after
{Heap after GC invocations=5 (full 0):
 garbage-first heap   total 110592K, used 35447K [0x0000000603800000, 0x0000000800000000)
  region size 4096K, 2 young (8192K), 2 survivors (8192K)
 Metaspace       used 26914K, committed 27200K, reserved 1114112K
  class space    used 3572K, committed 3712K, reserved 1048576K
}
Event: 19.888 GC heap before
{Heap before GC invocations=5 (full 0):
 garbage-first heap   total 110592K, used 39543K [0x0000000603800000, 0x0000000800000000)
  region size 4096K, 3 young (12288K), 2 survivors (8192K)
 Metaspace       used 27363K, committed 27648K, reserved 1114112K
  class space    used 3641K, committed 3776K, reserved 1048576K
}
Event: 19.893 GC heap after
{Heap after GC invocations=6 (full 0):
 garbage-first heap   total 110592K, used 36255K [0x0000000603800000, 0x0000000800000000)
  region size 4096K, 1 young (4096K), 1 survivors (4096K)
 Metaspace       used 27363K, committed 27648K, reserved 1114112K
  class space    used 3641K, committed 3776K, reserved 1048576K
}

