# JRE version: Java(TM) SE Runtime Environment (17.0.11+7) (build 17.0.11+7-LTS-207)
# Java VM: Java HotSpot(TM) 64-Bit Server VM (17.0.11+7-LTS-207, mixed mode, sharing, tiered, compressed oops, compressed class ptrs, g1 gc, windows-amd64)
GC Precious Log:
 CPUs: 8 total, 8 available
 Memory: 32535M
 Large Page Support: Disabled
 NUMA Support: Disabled
 Compressed Oops: Enabled (Zero based)
 Heap Region Size: 4M
 Heap Min Capacity: 8M
 Heap Initial Capacity: 512M
 Heap Max Capacity: 8136M
 Pre-touch: Disabled
 Parallel Workers: 8
 Concurrent Workers: 2
 Concurrent Refinement Workers: 8
 Periodic GC: Disabled
Heap:
 garbage-first heap   total 507904K, used 142186K [0x0000000603800000, 0x0000000800000000)
  region size 4096K, 14 young (57344K), 1 survivors (4096K)
 Metaspace       used 39748K, committed 40064K, reserved 1114112K
  class space    used 5225K, committed 5376K, reserved 1048576K
GC Heap History (20 events):
Event: 193.179 GC heap before
{Heap before GC invocations=17 (full 0):
 garbage-first heap   total 245760K, used 115774K [0x0000000603800000, 0x0000000800000000)
  region size 4096K, 9 young (36864K), 2 survivors (8192K)
 Metaspace       used 32647K, committed 32960K, reserved 1114112K
  class space    used 4364K, committed 4480K, reserved 1048576K
}
Event: 193.183 GC heap after
{Heap after GC invocations=18 (full 0):
 garbage-first heap   total 245760K, used 112168K [0x0000000603800000, 0x0000000800000000)
  region size 4096K, 2 young (8192K), 2 survivors (8192K)
 Metaspace       used 32647K, committed 32960K, reserved 1114112K
  class space    used 4364K, committed 4480K, reserved 1048576K
}
Event: 210.466 GC heap before
{Heap before GC invocations=19 (full 0):
 garbage-first heap   total 245760K, used 169512K [0x0000000603800000, 0x0000000800000000)
  region size 4096K, 15 young (61440K), 2 survivors (8192K)
 Metaspace       used 32752K, committed 33088K, reserved 1114112K
  class space    used 4369K, committed 4544K, reserved 1048576K
}
Event: 210.472 GC heap after
{Heap after GC invocations=20 (full 0):
 garbage-first heap   total 245760K, used 154744K [0x0000000603800000, 0x0000000800000000)
  region size 4096K, 2 young (8192K), 2 survivors (8192K)
 Metaspace       used 32752K, committed 33088K, reserved 1114112K
  class space    used 4369K, committed 4544K, reserved 1048576K
}
Event: 210.485 GC heap before
{Heap before GC invocations=20 (full 0):
 garbage-first heap   total 245760K, used 154744K [0x0000000603800000, 0x0000000800000000)
  region size 4096K, 3 young (12288K), 2 survivors (8192K)
 Metaspace       used 32752K, committed 33088K, reserved 1114112K
  class space    used 4369K, committed 4544K, reserved 1048576K
}
Event: 210.490 GC heap after
{Heap after GC invocations=21 (full 0):
 garbage-first heap   total 245760K, used 139445K [0x0000000603800000, 0x0000000800000000)
  region size 4096K, 1 young (4096K), 1 survivors (4096K)
 Metaspace       used 32752K, committed 33088K, reserved 1114112K
  class space    used 4369K, committed 4544K, reserved 1048576K
}
Event: 210.551 GC heap before
{Heap before GC invocations=21 (full 0):
 garbage-first heap   total 245760K, used 151733K [0x0000000603800000, 0x0000000800000000)
  region size 4096K, 3 young (12288K), 1 survivors (4096K)
 Metaspace       used 32755K, committed 33088K, reserved 1114112K
  class space    used 4369K, committed 4544K, reserved 1048576K
}
Event: 210.553 GC heap after
{Heap after GC invocations=22 (full 0):
 garbage-first heap   total 245760K, used 150012K [0x0000000603800000, 0x0000000800000000)
  region size 4096K, 1 young (4096K), 1 survivors (4096K)
 Metaspace       used 32755K, committed 33088K, reserved 1114112K
  class space    used 4369K, committed 4544K, reserved 1048576K
}
Event: 217.298 GC heap before
{Heap before GC invocations=22 (full 0):
 garbage-first heap   total 245760K, used 178684K [0x0000000603800000, 0x0000000800000000)
  region size 4096K, 7 young (28672K), 1 survivors (4096K)
 Metaspace       used 32817K, committed 33152K, reserved 1114112K
  class space    used 4371K, committed 4544K, reserved 1048576K
}
Event: 217.302 GC heap after
{Heap after GC invocations=23 (full 0):
 garbage-first heap   total 245760K, used 175801K [0x0000000603800000, 0x0000000800000000)
  region size 4096K, 1 young (4096K), 1 survivors (4096K)
 Metaspace       used 32817K, committed 33152K, reserved 1114112K
  class space    used 4371K, committed 4544K, reserved 1048576K
}
Event: 217.337 GC heap before
{Heap before GC invocations=23 (full 0):
 garbage-first heap   total 245760K, used 175801K [0x0000000603800000, 0x0000000800000000)
  region size 4096K, 3 young (12288K), 1 survivors (4096K)
 Metaspace       used 32820K, committed 33152K, reserved 1114112K
  class space    used 4371K, committed 4544K, reserved 1048576K
}
Event: 217.340 GC heap after
{Heap after GC invocations=24 (full 0):
 garbage-first heap   total 245760K, used 183527K [0x0000000603800000, 0x0000000800000000)
  region size 4096K, 1 young (4096K), 1 survivors (4096K)
 Metaspace       used 32820K, committed 33152K, reserved 1114112K
  class space    used 4371K, committed 4544K, reserved 1048576K
}
Event: 217.402 GC heap before
{Heap before GC invocations=25 (full 0):
 garbage-first heap   total 253952K, used 154855K [0x0000000603800000, 0x0000000800000000)
  region size 4096K, 3 young (12288K), 1 survivors (4096K)
 Metaspace       used 32842K, committed 33216K, reserved 1114112K
  class space    used 4371K, committed 4544K, reserved 1048576K
}
Event: 217.404 GC heap after
{Heap after GC invocations=26 (full 0):
 garbage-first heap   total 253952K, used 150017K [0x0000000603800000, 0x0000000800000000)
  region size 4096K, 1 young (4096K), 1 survivors (4096K)
 Metaspace       used 32842K, committed 33216K, reserved 1114112K
  class space    used 4371K, committed 4544K, reserved 1048576K
}
Event: 219.365 GC heap before
{Heap before GC invocations=26 (full 0):
 garbage-first heap   total 253952K, used 158209K [0x0000000603800000, 0x0000000800000000)
  region size 4096K, 3 young (12288K), 1 survivors (4096K)
 Metaspace       used 32853K, committed 33216K, reserved 1114112K
  class space    used 4371K, committed 4544K, reserved 1048576K
}
Event: 219.367 GC heap after
{Heap after GC invocations=27 (full 0):
 garbage-first heap   total 507904K, used 123663K [0x0000000603800000, 0x0000000800000000)
  region size 4096K, 1 young (4096K), 1 survivors (4096K)
 Metaspace       used 32853K, committed 33216K, reserved 1114112K
  class space    used 4371K, committed 4544K, reserved 1048576K
}
Event: 266.424 GC heap before
{Heap before GC invocations=27 (full 0):
 garbage-first heap   total 507904K, used 140047K [0x0000000603800000, 0x0000000800000000)
  region size 4096K, 6 young (24576K), 1 survivors (4096K)
 Metaspace       used 32982K, committed 33280K, reserved 1114112K
  class space    used 4372K, committed 4544K, reserved 1048576K
}
Event: 266.429 GC heap after
{Heap after GC invocations=28 (full 0):
 garbage-first heap   total 507904K, used 82602K [0x0000000603800000, 0x0000000800000000)
  region size 4096K, 1 young (4096K), 1 survivors (4096K)
 Metaspace       used 32982K, committed 33280K, reserved 1114112K
  class space    used 4372K, committed 4544K, reserved 1048576K
}
Event: 266.535 GC heap before
{Heap before GC invocations=28 (full 0):
 garbage-first heap   total 507904K, used 103082K [0x0000000603800000, 0x0000000800000000)
  region size 4096K, 6 young (24576K), 1 survivors (4096K)
 Metaspace       used 33006K, committed 33280K, reserved 1114112K
  class space    used 4372K, committed 4544K, reserved 1048576K
}
Event: 266.539 GC heap after
{Heap after GC invocations=29 (full 0):
 garbage-first heap   total 507904K, used 97130K [0x0000000603800000, 0x0000000800000000)
  region size 4096K, 1 young (4096K), 1 survivors (4096K)
 Metaspace       used 33006K, committed 33280K, reserved 1114112K
  class space    used 4372K, committed 4544K, reserved 1048576K
}

